\BOOKMARK [1][-]{section.1}{.\040Introduction}{}% 1
\BOOKMARK [2][-]{subsection.1.1}{.\040Basics\040of\040LSQT\040format}{section.1}% 2
\BOOKMARK [2][-]{subsection.1.2}{.\040Basics\040of\040program\040usage}{section.1}% 3
\BOOKMARK [1][-]{section.2}{.\040Tutorial}{}% 4
\BOOKMARK [2][-]{subsection.2.1}{.\040Hello,\040world}{section.2}% 5
\BOOKMARK [2][-]{subsection.2.2}{.\040Hello,\040world,\040with\040roughness}{section.2}% 6
\BOOKMARK [2][-]{subsection.2.3}{.\040A\040simple\040substrate}{section.2}% 7
\BOOKMARK [2][-]{subsection.2.4}{.\040Adding\040dust}{section.2}% 8
\BOOKMARK [2][-]{subsection.2.5}{.\040Conductors}{section.2}% 9
\BOOKMARK [2][-]{subsection.2.6}{.\040Using\040SQT\040in\040a\040DIRSIG\040scene}{section.2}% 10
\BOOKMARK [1][-]{section.3}{.\040Documentation}{}% 11
\BOOKMARK [2][-]{subsection.3.1}{.\040Participating\040media}{section.3}% 12
\BOOKMARK [3][-]{subsubsection.3.1.1}{.\040Henyey-Greenstein\040phase}{subsection.3.1}% 13
\BOOKMARK [3][-]{subsubsection.3.1.2}{.\040Henyey-Greenstein\0402-lobe\040phase}{subsection.3.1}% 14
\BOOKMARK [3][-]{subsubsection.3.1.3}{.\040Rayleigh\040phase}{subsection.3.1}% 15
\BOOKMARK [3][-]{subsubsection.3.1.4}{.\040SGGX\040phase}{subsection.3.1}% 16
\BOOKMARK [2][-]{subsection.3.2}{.\040Layers}{section.3}% 17
\BOOKMARK [3][-]{subsubsection.3.2.1}{.\040Null\040BSDF}{subsection.3.2}% 18
\BOOKMARK [3][-]{subsubsection.3.2.2}{.\040Lambertian\040BSDF}{subsection.3.2}% 19
\BOOKMARK [3][-]{subsubsection.3.2.3}{.\040Microsurface\040Lambertian\040BSDF}{subsection.3.2}% 20
\BOOKMARK [3][-]{subsubsection.3.2.4}{.\040Microsurface\040dielectric\040BSDF}{subsection.3.2}% 21
\BOOKMARK [3][-]{subsubsection.3.2.5}{.\040Microsurface\040conductive\040BRDF}{subsection.3.2}% 22
\BOOKMARK [3][-]{subsubsection.3.2.6}{.\040Oren-Nayar\040diffuse\040BRDF}{subsection.3.2}% 23
